0 info it worked if it ends with ok
1 verbose cli [ '/usr/bin/node', '/usr/bin/npm', 'run', 'watch:css' ]
2 info using npm@3.5.2
3 info using node@v8.10.0
4 verbose run-script [ 'prewatch:css', 'watch:css', 'postwatch:css' ]
5 info lifecycle react_portfolio@1.0.0~prewatch:css: react_portfolio@1.0.0
6 silly lifecycle react_portfolio@1.0.0~prewatch:css: no script for prewatch:css, continuing
7 info lifecycle react_portfolio@1.0.0~watch:css: react_portfolio@1.0.0
8 verbose lifecycle react_portfolio@1.0.0~watch:css: unsafe-perm in lifecycle true
9 verbose lifecycle react_portfolio@1.0.0~watch:css: PATH: /usr/share/npm/bin/node-gyp-bin:/home/carla/projects/react_portfolio/node_modules/.bin:/usr/share/npm/bin/node-gyp-bin:/home/carla/projects/react_portfolio/node_modules/.bin:/usr/local/bin:/usr/local/sbin:/home/carla/.rvm/gems/ruby-2.3.4/bin:/home/carla/.rvm/gems/ruby-2.3.4@global/bin:/home/carla/.rvm/rubies/ruby-2.3.4/bin:/usr/sbin:/usr/bin:/sbin:/bin:/usr/games:/usr/local/games:/snap/bin:/home/carla/.rvm/bin:/home/carla/.yadr/bin:/home/carla/.yadr/bin/yadr
10 verbose lifecycle react_portfolio@1.0.0~watch:css: CWD: /home/carla/projects/react_portfolio
11 silly lifecycle react_portfolio@1.0.0~watch:css: Args: [ '-c',
11 silly lifecycle   'postcss src/css/tailwind.src.css -o src/css/tailwind.css -w' ]
12 silly lifecycle react_portfolio@1.0.0~watch:css: Returned: code: 1  signal: null
13 info lifecycle react_portfolio@1.0.0~watch:css: Failed to exec watch:css script
14 verbose stack Error: react_portfolio@1.0.0 watch:css: `postcss src/css/tailwind.src.css -o src/css/tailwind.css -w`
14 verbose stack Exit status 1
14 verbose stack     at EventEmitter.<anonymous> (/usr/share/npm/lib/utils/lifecycle.js:232:16)
14 verbose stack     at emitTwo (events.js:126:13)
14 verbose stack     at EventEmitter.emit (events.js:214:7)
14 verbose stack     at ChildProcess.<anonymous> (/usr/share/npm/lib/utils/spawn.js:24:14)
14 verbose stack     at emitTwo (events.js:126:13)
14 verbose stack     at ChildProcess.emit (events.js:214:7)
14 verbose stack     at maybeClose (internal/child_process.js:925:16)
14 verbose stack     at Process.ChildProcess._handle.onexit (internal/child_process.js:209:5)
15 verbose pkgid react_portfolio@1.0.0
16 verbose cwd /home/carla/projects/react_portfolio
17 error Linux 4.18.0-17-generic
18 error argv "/usr/bin/node" "/usr/bin/npm" "run" "watch:css"
19 error node v8.10.0
20 error npm  v3.5.2
21 error code ELIFECYCLE
22 error react_portfolio@1.0.0 watch:css: `postcss src/css/tailwind.src.css -o src/css/tailwind.css -w`
22 error Exit status 1
23 error Failed at the react_portfolio@1.0.0 watch:css script 'postcss src/css/tailwind.src.css -o src/css/tailwind.css -w'.
23 error Make sure you have the latest version of node.js and npm installed.
23 error If you do, this is most likely a problem with the react_portfolio package,
23 error not with npm itself.
23 error Tell the author that this fails on your system:
23 error     postcss src/css/tailwind.src.css -o src/css/tailwind.css -w
23 error You can get information on how to open an issue for this project with:
23 error     npm bugs react_portfolio
23 error Or if that isn't available, you can get their info via:
23 error     npm owner ls react_portfolio
23 error There is likely additional logging output above.
24 verbose exit [ 1, true ]
